<?xml version="1.0" encoding="UTF-8" ?>
<testsuite tests="1" failures="1" name="Automation.GalenFramework.GalenJavaTest" time="5.839" errors="0" skipped="0">
  <properties>
[...]
</properties>
  <testcase classname="Automation.GalenFramework.GalenJavaTest" name="validateHomePageLayout" time="5.839">
    <failure message="Layout test failed" type="java.lang.AssertionError">java.lang.AssertionError: Layout test failed
	at org.testng.Assert.fail(Assert.java:94)
	at Automation.GalenFramework.GalenJavaTest.validateHomePageLayout(GalenJavaTest.java:56)
</failure>
    <system-out>Configuring TestNG with: org.apache.maven.surefire.testng.conf.TestNG652Configurator@48cf768c
</system-out>
    <system-err>Starting ChromeDriver 2.41.578737 (49da6702b16031c40d63e5618de03a32ff6c197e) on port 33343
Only local connections are allowed.
Dec 15, 2018 12:22:23 AM org.openqa.selenium.remote.ProtocolHandshake createSession
INFO: Attempting bi-dialect session, assuming Postel&apos;s Law holds true on the remote end
Dec 15, 2018 12:22:26 AM org.openqa.selenium.remote.ProtocolHandshake createSession
INFO: Detected dialect: OSS
</system-err>
  </testcase>
</testsuite>