<?xml version="1.0" encoding="UTF-8"?>
<testng-results skipped="0" failed="0" ignored="0" total="1" passed="1">
  <reporter-output>
  </reporter-output>
  <suite name="Suite" duration-ms="35298" started-at="2018-12-18T10:13:29Z" finished-at="2018-12-18T10:14:04Z">
    <groups>
    </groups>
    <test name="Test" duration-ms="35298" started-at="2018-12-18T10:13:29Z" finished-at="2018-12-18T10:14:04Z">
      <class name="Automation.GalenFramework.GalenJavaTest2">
        <test-method status="PASS" signature="setUp(java.lang.String)[pri:0, instance:Automation.GalenFramework.GalenJavaTest2@6a1aab78]" name="setUp" is-config="true" duration-ms="4331" started-at="2018-12-18T10:13:29Z" finished-at="2018-12-18T10:13:33Z">
          <params>
            <param index="0">
              <value>
                <![CDATA[desktop]]>
              </value>
            </param>
          </params>
          <reporter-output>
          </reporter-output>
        </test-method> <!-- setUp -->
        <test-method status="PASS" signature="welComePage()[pri:0, instance:Automation.GalenFramework.GalenJavaTest2@6a1aab78]" name="welComePage" duration-ms="30943" started-at="2018-12-18T10:13:33Z" finished-at="2018-12-18T10:14:04Z">
          <reporter-output>
          </reporter-output>
        </test-method> <!-- welComePage -->
      </class> <!-- Automation.GalenFramework.GalenJavaTest2 -->
    </test> <!-- Test -->
  </suite> <!-- Suite -->
</testng-results>
